<?xml version="1.0" encoding="UTF-8"?>
<testng-results skipped="0" failed="0" total="1" passed="1">
  <reporter-output>
  </reporter-output>
  <suite name="Default suite" duration-ms="71820" started-at="2020-02-20T05:51:31Z" finished-at="2020-02-20T05:52:43Z">
    <groups>
    </groups>
    <test name="Default test" duration-ms="71820" started-at="2020-02-20T05:51:31Z" finished-at="2020-02-20T05:52:43Z">
      <class name="driverScript.AppTest">
        <test-method status="PASS" signature="f()[pri:0, instance:driverScript.AppTest@42dafa95]" name="f" duration-ms="71685" started-at="2020-02-20T11:21:31Z" finished-at="2020-02-20T11:22:43Z">
          <reporter-output>
          </reporter-output>
        </test-method> <!-- f -->
      </class> <!-- driverScript.AppTest -->
    </test> <!-- Default test -->
  </suite> <!-- Default suite -->
</testng-results>
